<?xml version="1.0" encoding="UTF-8"?>
<!-- Generated by org.testng.reporters.JUnitReportReporter -->
<testsuite hostname="DESKTOP-7VR5Q82" failures="0" tests="1" name="NewPack.MavenPro.AppTest" time="0.002" errors="0" timestamp="22 Mar 2021 20:49:51 GMT">
  <testcase classname="NewPack.MavenPro.AppTest" name="shouldAnswerWithTrue" time="0.002"/>
</testsuite> <!-- NewPack.MavenPro.AppTest -->
