<?xml version="1.0" encoding="UTF-8"?>
<!-- Generated by org.testng.reporters.JUnitReportReporter -->
<testsuite hostname="QT-INBG-LT0211" failures="0" tests="1" name="Package.Activity" time="14.638" errors="0" timestamp="2021-03-26T09:16:14 IST" skipped="0">
  <testcase classname="Package.Activity" name="activitynavigationpage" time="14.638"/>
  <system-out/>
</testsuite> <!-- Package.Activity -->
