<?xml version="1.0" encoding="UTF-8"?>
<!-- Generated by org.testng.reporters.JUnitReportReporter -->
<testsuite hostname="QT-INBG-LT0211" failures="0" tests="1" name="Package.Test1" time="15.605" errors="0" timestamp="2021-03-23T14:07:18 IST" skipped="0">
  <testcase classname="Package.Test1" name="sendkudo" time="15.605"/>
  <system-out/>
</testsuite> <!-- Package.Test1 -->
