<?xml version="1.0" encoding="UTF-8"?>
<!-- Generated by org.testng.reporters.JUnitReportReporter -->
<testsuite hostname="QT-INBG-LT0211" failures="0" tests="2" name="Package.loginTest" time="18.801" errors="0" timestamp="2021-03-26T09:16:14 IST" skipped="0">
  <testcase classname="Package.loginTest" name="welcomePage" time="13.470"/>
  <system-out/>
  <testcase classname="Package.loginTest" name="welcomePage" time="5.331"/>
  <system-out/>
</testsuite> <!-- Package.loginTest -->
