<?xml version="1.0" encoding="UTF-8"?>
<!-- Generated by org.testng.reporters.JUnitReportReporter -->
<testsuite hostname="QT-INBG-LT0211" failures="0" tests="2" name="Package.Testcasees" time="13.315" errors="0" timestamp="2021-03-24T12:41:07 IST" skipped="0">
  <testcase classname="Package.Testcasees" name="welcomePage" time="5.600"/>
  <system-out/>
  <testcase classname="Package.Testcasees" name="welcomePage" time="7.715"/>
  <system-out/>
</testsuite> <!-- Package.Testcasees -->
