<?xml version="1.0" encoding="UTF-8"?>
<!-- Generated by org.testng.reporters.JUnitReportReporter -->
<testsuite hostname="QT-INBG-LT0211" failures="0" tests="1" name="Package.KudosSearch" time="15.242" errors="0" timestamp="2021-03-26T09:16:14 IST" skipped="0">
  <testcase classname="Package.KudosSearch" name="kudoss" time="15.242"/>
  <system-out/>
</testsuite> <!-- Package.KudosSearch -->
