<?xml version="1.0" encoding="UTF-8"?>
<!-- Generated by org.testng.reporters.JUnitReportReporter -->
<testsuite hostname="QT-INBG-LT0211" failures="0" tests="1" name="Package.RecentTest" time="14.900" errors="0" timestamp="2021-03-26T09:16:14 IST" skipped="0">
  <testcase classname="Package.RecentTest" name="kudoss" time="14.900"/>
  <system-out/>
</testsuite> <!-- Package.RecentTest -->
