<?xml version="1.0" encoding="UTF-8"?>
<!-- Generated by org.testng.reporters.JUnitReportReporter -->
<testsuite hostname="QT-INBG-LT0211" failures="0" tests="1" name="Package.inttest$sendkudostest" time="11.771" errors="0" timestamp="2021-03-24T17:50:28 IST" skipped="0">
  <testcase classname="Package.inttest$sendkudostest" name="sendkudo" time="11.771"/>
  <system-out/>
</testsuite> <!-- Package.inttest$sendkudostest -->
