<?xml version="1.0" encoding="UTF-8"?>
<!-- Generated by org.testng.reporters.JUnitReportReporter -->
<testsuite hostname="QT-INBG-LT0211" failures="0" tests="1" name="Package.inttest" time="12.317" errors="0" timestamp="2021-03-26T14:14:13 IST" skipped="0">
  <testcase classname="Package.inttest" name="sendkudo" time="12.317"/>
  <system-out/>
</testsuite> <!-- Package.inttest -->
