<?xml version="1.0" encoding="UTF-8"?>
<!-- Generated by org.testng.reporters.JUnitReportReporter -->
<testsuite hostname="QT-INBG-LT0211" failures="0" tests="1" name="Package.test2" time="12.503" errors="0" timestamp="2021-03-23T18:22:09 IST" skipped="0">
  <testcase classname="Package.test2" name="kudoss" time="12.503"/>
  <system-out/>
</testsuite> <!-- Package.test2 -->
